<?xml version="1.0" encoding="UTF-8" ?>
<testsuite failures="0" time="0.11" errors="0" skipped="0" tests="0" name="TestSuite">
  <properties>
    <property name="java.runtime.name" value="Java(TM) SE Runtime Environment"/>
    <property name="sun.boot.library.path" value="C:\Program Files (x86)\Java\jdk1.6.0_29\jre\bin"/>
    <property name="java.vm.version" value="20.4-b02"/>
    <property name="java.vm.vendor" value="Sun Microsystems Inc."/>
    <property name="java.vendor.url" value="http://java.sun.com/"/>
    <property name="path.separator" value=";"/>
    <property name="java.vm.name" value="Java HotSpot(TM) Client VM"/>
    <property name="file.encoding.pkg" value="sun.io"/>
    <property name="user.country" value="CN"/>
    <property name="sun.java.launcher" value="SUN_STANDARD"/>
    <property name="sun.os.patch.level" value="Service Pack 1"/>
    <property name="java.vm.specification.name" value="Java Virtual Machine Specification"/>
    <property name="user.dir" value="D:\Droolsftp\demo\RDACP\Trunk\00.Coding\cartan\cartan-center"/>
    <property name="java.runtime.version" value="1.6.0_29-b11"/>
    <property name="java.awt.graphicsenv" value="sun.awt.Win32GraphicsEnvironment"/>
    <property name="basedir" value="D:\Droolsftp\demo\RDACP\Trunk\00.Coding\cartan\cartan-center"/>
    <property name="java.endorsed.dirs" value="C:\Program Files (x86)\Java\jdk1.6.0_29\jre\lib\endorsed"/>
    <property name="os.arch" value="x86"/>
    <property name="surefire.real.class.path" value="D:\Droolsftp\demo\RDACP\Trunk\00.Coding\cartan\cartan-center\target\surefire\surefirebooter3469948158533754965.jar"/>
    <property name="java.io.tmpdir" value="C:\Users\ADMINI~1\AppData\Local\Temp\"/>
    <property name="line.separator" value="
"/>
    <property name="java.vm.specification.vendor" value="Sun Microsystems Inc."/>
    <property name="user.variant" value=""/>
    <property name="os.name" value="Windows 7"/>
    <property name="sun.jnu.encoding" value="GBK"/>
    <property name="java.library.path" value="C:\Program Files (x86)\Java\jdk1.6.0_29\jre\bin;C:\Windows\Sun\Java\bin;C:\Windows\system32;C:\Windows;C:\Program Files (x86)\JetBrains\IntelliJ IDEA 12.1.1\bin\..\.\bin;C:\Program Files (x86)\NVIDIA Corporation\PhysX\Common;C:\Program Files (x86)\Intel\iCLS Client\;C:\Program Files\Intel\iCLS Client\;C:\Windows\system32;C:\Windows;C:\Windows\System32\Wbem;C:\Windows\System32\WindowsPowerShell\v1.0\;C:\Program Files (x86)\Windows7Master;C:\Program Files (x86)\Intel\OpenCL SDK\2.0\bin\x86;C:\Program Files (x86)\Intel\OpenCL SDK\2.0\bin\x64;C:\Program Files\Intel\Intel(R) Management Engine Components\DAL;C:\Program Files\Intel\Intel(R) Management Engine Components\IPT;C:\Program Files (x86)\Intel\Intel(R) Management Engine Components\DAL;C:\Program Files (x86)\Intel\Intel(R) Management Engine Components\IPT;C:\Program Files (x86)\Java\jdk1.6.0_29\bin;C:\Program Files (x86)\Java\jdk1.6.0_29\jre\bin;F:\tools\java\maven\bin;;c:\program files (x86)\jetbrains\intellij idea 12.1.1\jre\jre\bin;."/>
    <property name="surefire.test.class.path" value="D:\Droolsftp\demo\RDACP\Trunk\00.Coding\cartan\cartan-center\target\test-classes;D:\Droolsftp\demo\RDACP\Trunk\00.Coding\cartan\cartan-center\target\classes;C:\Users\Administrator\.m2\repository\log4j\log4j\1.2.16\log4j-1.2.16.jar;C:\Users\Administrator\.m2\repository\org\springframework\spring-webmvc\3.2.3.RELEASE\spring-webmvc-3.2.3.RELEASE.jar;C:\Users\Administrator\.m2\repository\org\springframework\spring-beans\3.2.3.RELEASE\spring-beans-3.2.3.RELEASE.jar;C:\Users\Administrator\.m2\repository\org\springframework\spring-core\3.2.3.RELEASE\spring-core-3.2.3.RELEASE.jar;C:\Users\Administrator\.m2\repository\org\springframework\spring-expression\3.2.3.RELEASE\spring-expression-3.2.3.RELEASE.jar;C:\Users\Administrator\.m2\repository\org\springframework\spring-web\3.2.3.RELEASE\spring-web-3.2.3.RELEASE.jar;C:\Users\Administrator\.m2\repository\aopalliance\aopalliance\1.0\aopalliance-1.0.jar;C:\Users\Administrator\.m2\repository\net\sf\json-lib\json-lib\2.4\json-lib-2.4-jdk15.jar;C:\Users\Administrator\.m2\repository\commons-beanutils\commons-beanutils\1.8.0\commons-beanutils-1.8.0.jar;C:\Users\Administrator\.m2\repository\commons-collections\commons-collections\3.2.1\commons-collections-3.2.1.jar;C:\Users\Administrator\.m2\repository\commons-lang\commons-lang\2.5\commons-lang-2.5.jar;C:\Users\Administrator\.m2\repository\commons-logging\commons-logging\1.1.1\commons-logging-1.1.1.jar;C:\Users\Administrator\.m2\repository\net\sf\ezmorph\ezmorph\1.0.6\ezmorph-1.0.6.jar;C:\Users\Administrator\.m2\repository\cartan-parent\cartan-core\1.0-SNAPSHOT\cartan-core-1.0-SNAPSHOT.jar;C:\Users\Administrator\.m2\repository\cglib\cglib\3.0\cglib-3.0.jar;C:\Users\Administrator\.m2\repository\org\ow2\asm\asm\4.0\asm-4.0.jar;C:\Users\Administrator\.m2\repository\org\springframework\spring-context-support\3.2.3.RELEASE\spring-context-support-3.2.3.RELEASE.jar;C:\Users\Administrator\.m2\repository\org\springframework\spring-aop\3.2.3.RELEASE\spring-aop-3.2.3.RELEASE.jar;C:\Users\Administrator\.m2\repository\org\springframework\spring-jdbc\3.2.3.RELEASE\spring-jdbc-3.2.3.RELEASE.jar;C:\Users\Administrator\.m2\repository\redis\clients\jedis\2.0.0\jedis-2.0.0.jar;C:\Users\Administrator\.m2\repository\commons-pool\commons-pool\1.5.5\commons-pool-1.5.5.jar;C:\Users\Administrator\.m2\repository\commons-dbcp\commons-dbcp\1.4\commons-dbcp-1.4.jar;C:\Users\Administrator\.m2\repository\mysql\mysql-connector-java\5.1.25\mysql-connector-java-5.1.25.jar;C:\Users\Administrator\.m2\repository\org\mybatis\mybatis\3.2.2\mybatis-3.2.2.jar;C:\Users\Administrator\.m2\repository\org\mybatis\mybatis-spring\1.2.0\mybatis-spring-1.2.0.jar;C:\Users\Administrator\.m2\repository\org\dbunit\dbunit\2.4.8.2\dbunit-2.4.8.2.jar;C:\Users\Administrator\.m2\repository\com\rop\rop\1.0-SNAPSHOT\rop-1.0-SNAPSHOT.jar;C:\Users\Administrator\.m2\repository\commons-codec\commons-codec\1.6\commons-codec-1.6.jar;C:\Users\Administrator\.m2\repository\javax\servlet\servlet-api\2.5\servlet-api-2.5.jar;C:\Users\Administrator\.m2\repository\javax\validation\validation-api\1.0.0.GA\validation-api-1.0.0.GA.jar;C:\Users\Administrator\.m2\repository\org\hibernate\hibernate-validator\4.2.0.Final\hibernate-validator-4.2.0.Final.jar;C:\Users\Administrator\.m2\repository\org\codehaus\jackson\jackson-core-asl\1.9.5\jackson-core-asl-1.9.5.jar;C:\Users\Administrator\.m2\repository\org\codehaus\jackson\jackson-mapper-asl\1.9.5\jackson-mapper-asl-1.9.5.jar;C:\Users\Administrator\.m2\repository\org\codehaus\jackson\jackson-jaxrs\1.9.5\jackson-jaxrs-1.9.5.jar;C:\Users\Administrator\.m2\repository\org\codehaus\jackson\jackson-xc\1.9.5\jackson-xc-1.9.5.jar;C:\Users\Administrator\.m2\repository\com\fasterxml\jackson\dataformat\jackson-dataformat-xml\2.0.0-RC2\jackson-dataformat-xml-2.0.0-RC2.jar;C:\Users\Administrator\.m2\repository\com\fasterxml\jackson\core\jackson-core\2.0.0-RC2\jackson-core-2.0.0-RC2.jar;C:\Users\Administrator\.m2\repository\com\fasterxml\jackson\core\jackson-annotations\2.0.0-RC2\jackson-annotations-2.0.0-RC2.jar;C:\Users\Administrator\.m2\repository\com\fasterxml\jackson\core\jackson-databind\2.0.0-RC2\jackson-databind-2.0.0-RC2.jar;C:\Users\Administrator\.m2\repository\com\fasterxml\jackson\module\jackson-module-jaxb-annotations\2.0.0-RC2\jackson-module-jaxb-annotations-2.0.0-RC2.jar;C:\Users\Administrator\.m2\repository\org\codehaus\woodstox\stax2-api\3.1.1\stax2-api-3.1.1.jar;C:\Users\Administrator\.m2\repository\javax\xml\stream\stax-api\1.0-2\stax-api-1.0-2.jar;C:\Users\Administrator\.m2\repository\org\springframework\spring-context\3.2.3.RELEASE\spring-context-3.2.3.RELEASE.jar;C:\Users\Administrator\.m2\repository\org\codehaus\plexus\plexus-classworlds\2.5.1\plexus-classworlds-2.5.1.jar;C:\Users\Administrator\.m2\repository\org\kie\kie-api\6.2.0.Final\kie-api-6.2.0.Final.jar;C:\Users\Administrator\.m2\repository\org\drools\drools-compiler\6.2.0.Final\drools-compiler-6.2.0.Final.jar;C:\Users\Administrator\.m2\repository\org\drools\drools-core\6.2.0.Final\drools-core-6.2.0.Final.jar;C:\Users\Administrator\.m2\repository\org\kie\kie-internal\6.2.0.Final\kie-internal-6.2.0.Final.jar;C:\Users\Administrator\.m2\repository\org\antlr\antlr-runtime\3.5\antlr-runtime-3.5.jar;C:\Users\Administrator\.m2\repository\org\eclipse\jdt\core\compiler\ecj\4.3.1\ecj-4.3.1.jar;C:\Users\Administrator\.m2\repository\org\mvel\mvel2\2.2.4.Final\mvel2-2.2.4.Final.jar;C:\Users\Administrator\.m2\repository\com\thoughtworks\xstream\xstream\1.4.7\xstream-1.4.7.jar;C:\Users\Administrator\.m2\repository\xmlpull\xmlpull\1.1.3.1\xmlpull-1.1.3.1.jar;C:\Users\Administrator\.m2\repository\xpp3\xpp3_min\1.1.4c\xpp3_min-1.1.4c.jar;C:\Users\Administrator\.m2\repository\com\google\protobuf\protobuf-java\2.5.0\protobuf-java-2.5.0.jar;C:\Users\Administrator\.m2\repository\org\slf4j\slf4j-api\1.7.2\slf4j-api-1.7.2.jar;C:\Users\Administrator\.m2\repository\org\slf4j\slf4j-log4j12\1.6.1\slf4j-log4j12-1.6.1.jar;C:\Users\Administrator\.m2\repository\org\unitils\unitils-spring\3.3\unitils-spring-3.3.jar;C:\Users\Administrator\.m2\repository\org\springframework\spring-test\2.5.2\spring-test-2.5.2.jar;C:\Users\Administrator\.m2\repository\junit\junit\3.8.1\junit-3.8.1.jar;C:\Users\Administrator\.m2\repository\org\springframework\spring-tx\2.5.2\spring-tx-2.5.2.jar;C:\Users\Administrator\.m2\repository\org\unitils\unitils-database\3.3\unitils-database-3.3.jar;C:\Users\Administrator\.m2\repository\org\unitils\unitils-dbmaintainer\3.3\unitils-dbmaintainer-3.3.jar;C:\Users\Administrator\.m2\repository\org\hibernate\hibernate\3.2.5.ga\hibernate-3.2.5.ga.jar;C:\Users\Administrator\.m2\repository\net\sf\ehcache\ehcache\1.2.3\ehcache-1.2.3.jar;C:\Users\Administrator\.m2\repository\asm\asm-attrs\1.5.3\asm-attrs-1.5.3.jar;C:\Users\Administrator\.m2\repository\dom4j\dom4j\1.6.1\dom4j-1.6.1.jar;C:\Users\Administrator\.m2\repository\antlr\antlr\2.7.6\antlr-2.7.6.jar;C:\Users\Administrator\.m2\repository\asm\asm\1.5.3\asm-1.5.3.jar;C:\Users\Administrator\.m2\repository\org\unitils\unitils-core\3.3\unitils-core-3.3.jar;C:\Users\Administrator\.m2\repository\ognl\ognl\2.6.9\ognl-2.6.9.jar;C:\Users\Administrator\.m2\repository\org\unitils\unitils-testng\3.3\unitils-testng-3.3.jar;C:\Users\Administrator\.m2\repository\org\testng\testng\5.8\testng-5.8-jdk15.jar;C:\Users\Administrator\.m2\repository\org\mockito\mockito-all\1.8.5\mockito-all-1.8.5.jar;C:\Users\Administrator\.m2\repository\com\ridge\ridge-core\1.0.0-SNAPSHOT\ridge-core-1.0.0-SNAPSHOT.jar;"/>
    <property name="java.specification.name" value="Java Platform API Specification"/>
    <property name="java.class.version" value="50.0"/>
    <property name="sun.management.compiler" value="HotSpot Client Compiler"/>
    <property name="os.version" value="6.1"/>
    <property name="user.home" value="C:\Users\Administrator"/>
    <property name="user.timezone" value="Asia/Shanghai"/>
    <property name="java.awt.printerjob" value="sun.awt.windows.WPrinterJob"/>
    <property name="java.specification.version" value="1.6"/>
    <property name="file.encoding" value="GBK"/>
    <property name="user.name" value="Administrator"/>
    <property name="java.class.path" value="D:\Droolsftp\demo\RDACP\Trunk\00.Coding\cartan\cartan-center\target\test-classes;D:\Droolsftp\demo\RDACP\Trunk\00.Coding\cartan\cartan-center\target\classes;C:\Users\Administrator\.m2\repository\log4j\log4j\1.2.16\log4j-1.2.16.jar;C:\Users\Administrator\.m2\repository\org\springframework\spring-webmvc\3.2.3.RELEASE\spring-webmvc-3.2.3.RELEASE.jar;C:\Users\Administrator\.m2\repository\org\springframework\spring-beans\3.2.3.RELEASE\spring-beans-3.2.3.RELEASE.jar;C:\Users\Administrator\.m2\repository\org\springframework\spring-core\3.2.3.RELEASE\spring-core-3.2.3.RELEASE.jar;C:\Users\Administrator\.m2\repository\org\springframework\spring-expression\3.2.3.RELEASE\spring-expression-3.2.3.RELEASE.jar;C:\Users\Administrator\.m2\repository\org\springframework\spring-web\3.2.3.RELEASE\spring-web-3.2.3.RELEASE.jar;C:\Users\Administrator\.m2\repository\aopalliance\aopalliance\1.0\aopalliance-1.0.jar;C:\Users\Administrator\.m2\repository\net\sf\json-lib\json-lib\2.4\json-lib-2.4-jdk15.jar;C:\Users\Administrator\.m2\repository\commons-beanutils\commons-beanutils\1.8.0\commons-beanutils-1.8.0.jar;C:\Users\Administrator\.m2\repository\commons-collections\commons-collections\3.2.1\commons-collections-3.2.1.jar;C:\Users\Administrator\.m2\repository\commons-lang\commons-lang\2.5\commons-lang-2.5.jar;C:\Users\Administrator\.m2\repository\commons-logging\commons-logging\1.1.1\commons-logging-1.1.1.jar;C:\Users\Administrator\.m2\repository\net\sf\ezmorph\ezmorph\1.0.6\ezmorph-1.0.6.jar;C:\Users\Administrator\.m2\repository\cartan-parent\cartan-core\1.0-SNAPSHOT\cartan-core-1.0-SNAPSHOT.jar;C:\Users\Administrator\.m2\repository\cglib\cglib\3.0\cglib-3.0.jar;C:\Users\Administrator\.m2\repository\org\ow2\asm\asm\4.0\asm-4.0.jar;C:\Users\Administrator\.m2\repository\org\springframework\spring-context-support\3.2.3.RELEASE\spring-context-support-3.2.3.RELEASE.jar;C:\Users\Administrator\.m2\repository\org\springframework\spring-aop\3.2.3.RELEASE\spring-aop-3.2.3.RELEASE.jar;C:\Users\Administrator\.m2\repository\org\springframework\spring-jdbc\3.2.3.RELEASE\spring-jdbc-3.2.3.RELEASE.jar;C:\Users\Administrator\.m2\repository\redis\clients\jedis\2.0.0\jedis-2.0.0.jar;C:\Users\Administrator\.m2\repository\commons-pool\commons-pool\1.5.5\commons-pool-1.5.5.jar;C:\Users\Administrator\.m2\repository\commons-dbcp\commons-dbcp\1.4\commons-dbcp-1.4.jar;C:\Users\Administrator\.m2\repository\mysql\mysql-connector-java\5.1.25\mysql-connector-java-5.1.25.jar;C:\Users\Administrator\.m2\repository\org\mybatis\mybatis\3.2.2\mybatis-3.2.2.jar;C:\Users\Administrator\.m2\repository\org\mybatis\mybatis-spring\1.2.0\mybatis-spring-1.2.0.jar;C:\Users\Administrator\.m2\repository\org\dbunit\dbunit\2.4.8.2\dbunit-2.4.8.2.jar;C:\Users\Administrator\.m2\repository\com\rop\rop\1.0-SNAPSHOT\rop-1.0-SNAPSHOT.jar;C:\Users\Administrator\.m2\repository\commons-codec\commons-codec\1.6\commons-codec-1.6.jar;C:\Users\Administrator\.m2\repository\javax\servlet\servlet-api\2.5\servlet-api-2.5.jar;C:\Users\Administrator\.m2\repository\javax\validation\validation-api\1.0.0.GA\validation-api-1.0.0.GA.jar;C:\Users\Administrator\.m2\repository\org\hibernate\hibernate-validator\4.2.0.Final\hibernate-validator-4.2.0.Final.jar;C:\Users\Administrator\.m2\repository\org\codehaus\jackson\jackson-core-asl\1.9.5\jackson-core-asl-1.9.5.jar;C:\Users\Administrator\.m2\repository\org\codehaus\jackson\jackson-mapper-asl\1.9.5\jackson-mapper-asl-1.9.5.jar;C:\Users\Administrator\.m2\repository\org\codehaus\jackson\jackson-jaxrs\1.9.5\jackson-jaxrs-1.9.5.jar;C:\Users\Administrator\.m2\repository\org\codehaus\jackson\jackson-xc\1.9.5\jackson-xc-1.9.5.jar;C:\Users\Administrator\.m2\repository\com\fasterxml\jackson\dataformat\jackson-dataformat-xml\2.0.0-RC2\jackson-dataformat-xml-2.0.0-RC2.jar;C:\Users\Administrator\.m2\repository\com\fasterxml\jackson\core\jackson-core\2.0.0-RC2\jackson-core-2.0.0-RC2.jar;C:\Users\Administrator\.m2\repository\com\fasterxml\jackson\core\jackson-annotations\2.0.0-RC2\jackson-annotations-2.0.0-RC2.jar;C:\Users\Administrator\.m2\repository\com\fasterxml\jackson\core\jackson-databind\2.0.0-RC2\jackson-databind-2.0.0-RC2.jar;C:\Users\Administrator\.m2\repository\com\fasterxml\jackson\module\jackson-module-jaxb-annotations\2.0.0-RC2\jackson-module-jaxb-annotations-2.0.0-RC2.jar;C:\Users\Administrator\.m2\repository\org\codehaus\woodstox\stax2-api\3.1.1\stax2-api-3.1.1.jar;C:\Users\Administrator\.m2\repository\javax\xml\stream\stax-api\1.0-2\stax-api-1.0-2.jar;C:\Users\Administrator\.m2\repository\org\springframework\spring-context\3.2.3.RELEASE\spring-context-3.2.3.RELEASE.jar;C:\Users\Administrator\.m2\repository\org\codehaus\plexus\plexus-classworlds\2.5.1\plexus-classworlds-2.5.1.jar;C:\Users\Administrator\.m2\repository\org\kie\kie-api\6.2.0.Final\kie-api-6.2.0.Final.jar;C:\Users\Administrator\.m2\repository\org\drools\drools-compiler\6.2.0.Final\drools-compiler-6.2.0.Final.jar;C:\Users\Administrator\.m2\repository\org\drools\drools-core\6.2.0.Final\drools-core-6.2.0.Final.jar;C:\Users\Administrator\.m2\repository\org\kie\kie-internal\6.2.0.Final\kie-internal-6.2.0.Final.jar;C:\Users\Administrator\.m2\repository\org\antlr\antlr-runtime\3.5\antlr-runtime-3.5.jar;C:\Users\Administrator\.m2\repository\org\eclipse\jdt\core\compiler\ecj\4.3.1\ecj-4.3.1.jar;C:\Users\Administrator\.m2\repository\org\mvel\mvel2\2.2.4.Final\mvel2-2.2.4.Final.jar;C:\Users\Administrator\.m2\repository\com\thoughtworks\xstream\xstream\1.4.7\xstream-1.4.7.jar;C:\Users\Administrator\.m2\repository\xmlpull\xmlpull\1.1.3.1\xmlpull-1.1.3.1.jar;C:\Users\Administrator\.m2\repository\xpp3\xpp3_min\1.1.4c\xpp3_min-1.1.4c.jar;C:\Users\Administrator\.m2\repository\com\google\protobuf\protobuf-java\2.5.0\protobuf-java-2.5.0.jar;C:\Users\Administrator\.m2\repository\org\slf4j\slf4j-api\1.7.2\slf4j-api-1.7.2.jar;C:\Users\Administrator\.m2\repository\org\slf4j\slf4j-log4j12\1.6.1\slf4j-log4j12-1.6.1.jar;C:\Users\Administrator\.m2\repository\org\unitils\unitils-spring\3.3\unitils-spring-3.3.jar;C:\Users\Administrator\.m2\repository\org\springframework\spring-test\2.5.2\spring-test-2.5.2.jar;C:\Users\Administrator\.m2\repository\junit\junit\3.8.1\junit-3.8.1.jar;C:\Users\Administrator\.m2\repository\org\springframework\spring-tx\2.5.2\spring-tx-2.5.2.jar;C:\Users\Administrator\.m2\repository\org\unitils\unitils-database\3.3\unitils-database-3.3.jar;C:\Users\Administrator\.m2\repository\org\unitils\unitils-dbmaintainer\3.3\unitils-dbmaintainer-3.3.jar;C:\Users\Administrator\.m2\repository\org\hibernate\hibernate\3.2.5.ga\hibernate-3.2.5.ga.jar;C:\Users\Administrator\.m2\repository\net\sf\ehcache\ehcache\1.2.3\ehcache-1.2.3.jar;C:\Users\Administrator\.m2\repository\asm\asm-attrs\1.5.3\asm-attrs-1.5.3.jar;C:\Users\Administrator\.m2\repository\dom4j\dom4j\1.6.1\dom4j-1.6.1.jar;C:\Users\Administrator\.m2\repository\antlr\antlr\2.7.6\antlr-2.7.6.jar;C:\Users\Administrator\.m2\repository\asm\asm\1.5.3\asm-1.5.3.jar;C:\Users\Administrator\.m2\repository\org\unitils\unitils-core\3.3\unitils-core-3.3.jar;C:\Users\Administrator\.m2\repository\ognl\ognl\2.6.9\ognl-2.6.9.jar;C:\Users\Administrator\.m2\repository\org\unitils\unitils-testng\3.3\unitils-testng-3.3.jar;C:\Users\Administrator\.m2\repository\org\testng\testng\5.8\testng-5.8-jdk15.jar;C:\Users\Administrator\.m2\repository\org\mockito\mockito-all\1.8.5\mockito-all-1.8.5.jar;C:\Users\Administrator\.m2\repository\com\ridge\ridge-core\1.0.0-SNAPSHOT\ridge-core-1.0.0-SNAPSHOT.jar;"/>
    <property name="java.vm.specification.version" value="1.0"/>
    <property name="sun.arch.data.model" value="32"/>
    <property name="java.home" value="C:\Program Files (x86)\Java\jdk1.6.0_29\jre"/>
    <property name="sun.java.command" value="D:\Droolsftp\demo\RDACP\Trunk\00.Coding\cartan\cartan-center\target\surefire\surefirebooter3469948158533754965.jar D:\Droolsftp\demo\RDACP\Trunk\00.Coding\cartan\cartan-center\target\surefire\surefire7466921536518434582tmp D:\Droolsftp\demo\RDACP\Trunk\00.Coding\cartan\cartan-center\target\surefire\surefire8102271926994231305tmp"/>
    <property name="java.specification.vendor" value="Sun Microsystems Inc."/>
    <property name="user.language" value="zh"/>
    <property name="awt.toolkit" value="sun.awt.windows.WToolkit"/>
    <property name="java.vm.info" value="mixed mode, sharing"/>
    <property name="java.version" value="1.6.0_29"/>
    <property name="java.ext.dirs" value="C:\Program Files (x86)\Java\jdk1.6.0_29\jre\lib\ext;C:\Windows\Sun\Java\lib\ext"/>
    <property name="sun.boot.class.path" value="C:\Program Files (x86)\Java\jdk1.6.0_29\jre\lib\resources.jar;C:\Program Files (x86)\Java\jdk1.6.0_29\jre\lib\rt.jar;C:\Program Files (x86)\Java\jdk1.6.0_29\jre\lib\sunrsasign.jar;C:\Program Files (x86)\Java\jdk1.6.0_29\jre\lib\jsse.jar;C:\Program Files (x86)\Java\jdk1.6.0_29\jre\lib\jce.jar;C:\Program Files (x86)\Java\jdk1.6.0_29\jre\lib\charsets.jar;C:\Program Files (x86)\Java\jdk1.6.0_29\jre\lib\modules\jdk.boot.jar;C:\Program Files (x86)\Java\jdk1.6.0_29\jre\classes"/>
    <property name="java.vendor" value="Sun Microsystems Inc."/>
    <property name="localRepository" value="C:\Users\Administrator\.m2\repository"/>
    <property name="file.separator" value="\"/>
    <property name="java.vendor.url.bug" value="http://java.sun.com/cgi-bin/bugreport.cgi"/>
    <property name="sun.cpu.endian" value="little"/>
    <property name="sun.io.unicode.encoding" value="UnicodeLittle"/>
    <property name="sun.desktop" value="windows"/>
    <property name="sun.cpu.isalist" value="pentium_pro+mmx pentium_pro pentium+mmx pentium i486 i386 i86"/>
  </properties>
</testsuite>